<?xml version="1.0" encoding="UTF-8"?>
<robot generator="Robot 5.0.1 (Python 3.9.13 on win32)" generated="20230327 08:18:39.631" rpa="true" schemaversion="3">
<suite id="s1" name="Tasks" source="C:\Users\user\Desktop\Portfolio\RoboCorp Level 2\tasks.robot">
<test id="s1-t1" name="Order robots from the RobotSpareBin Industries inc website using the csv file" line="11">
<status status="FAIL" starttime="20230327 08:18:42.999" endtime="20230327 08:18:42.999">Task contains no keywords.</status>
</test>
<doc>Order robots from the RobotSpareBin Industries inc website using the csv file.
Save the order HTML receipt as a PDF.
Save the screenshot of the robot.
Embed the screenshot of the robot into the PDF file where the receipt is.
Create a ZIP archive of all the files generated from the process.</doc>
<status status="FAIL" starttime="20230327 08:18:39.639" endtime="20230327 08:18:43.007"/>
</suite>
<statistics>
<total>
<stat pass="0" fail="1" skip="0">All Tasks</stat>
</total>
<tag>
</tag>
<suite>
<stat pass="0" fail="1" skip="0" id="s1" name="Tasks">Tasks</stat>
</suite>
</statistics>
<errors>
</errors>
</robot>
